==================
WARNING: DATA RACE
Write at 0x00c000122150 by goroutine 9:
  runtime.mapassign_faststr()
      /usr/local/go/src/runtime/map_faststr.go:203 +0x0
  main.unsafeWrite()
      /home/ofey/cloud-workspace/experiments/language/go-map-race/race.go:64 +0x58
  main.Write()
      /home/ofey/cloud-workspace/experiments/language/go-map-race/race.go:36 +0x71
  main.main.func2()
      /home/ofey/cloud-workspace/experiments/language/go-map-race/race.go:19 +0x38

Previous read at 0x00c000122150 by goroutine 7:
  runtime.mapaccess1_faststr()
      /usr/local/go/src/runtime/map_faststr.go:13 +0x0
  main.unsafeRead()
      /home/ofey/cloud-workspace/experiments/language/go-map-race/race.go:58 +0x58
  main.Read()
      /home/ofey/cloud-workspace/experiments/language/go-map-race/race.go:26 +0x60
  main.main.func1()
      /home/ofey/cloud-workspace/experiments/language/go-map-race/race.go:17 +0x38

Goroutine 9 (running) created at:
  main.main()
      /home/ofey/cloud-workspace/experiments/language/go-map-race/race.go:19 +0x196

Goroutine 7 (running) created at:
  main.main()
      /home/ofey/cloud-workspace/experiments/language/go-map-race/race.go:17 +0x116
==================
fatal error: concurrent map read and map write

goroutine 19 [running]:
main.unsafeRead(...)
	/home/ofey/cloud-workspace/experiments/language/go-map-race/race.go:58
main.Read(0x1)
	/home/ofey/cloud-workspace/experiments/language/go-map-race/race.go:26 +0x59
created by main.main
	/home/ofey/cloud-workspace/experiments/language/go-map-race/race.go:17 +0x117

goroutine 1 [sleep]:
time.Sleep(0x2540be400)
	/usr/local/go/src/runtime/time.go:195 +0x135
main.main()
	/home/ofey/cloud-workspace/experiments/language/go-map-race/race.go:20 +0x1a6

goroutine 5 [runnable]:
main.unsafeWrite(...)
	/home/ofey/cloud-workspace/experiments/language/go-map-race/race.go:64
main.Write(0x1)
	/home/ofey/cloud-workspace/experiments/language/go-map-race/race.go:36 +0x59
created by main.main
	/home/ofey/cloud-workspace/experiments/language/go-map-race/race.go:19 +0x197
exit status 2
